<?xml version="1.0" encoding="UTF-8"?>
<testsuites name="jest tests" tests="1" failures="0" time="0.164">
  <testsuite name="undefined" errors="0" failures="0" skipped="0" timestamp="2020-04-19T23:46:18" time="0.154" tests="1">
    <testcase classname=" Should expose public author profiles" name=" Should expose public author profiles" time="0">
    </testcase>
  </testsuite>
</testsuites>